<?xml version="1.0" encoding="UTF-8"?>
<!-- Generated by org.testng.reporters.JUnitReportReporter -->
<testsuite skipped="0" hostname="DESKTOP-65RRAID" name="test.InputFormTest" tests="1" failures="0" timestamp="2021-03-23T16:48:37 EDT" time="159.521" errors="0">
  <testcase name="usershouldabletofilloutform" time="159.521" classname="test.InputFormTest"/>
  <system-out/>
</testsuite> <!-- test.InputFormTest -->
